<?xml version="1.0" encoding="UTF-8"?>
<testng-results ignored="0" total="3" passed="3" failed="0" skipped="0">
  <reporter-output>
  </reporter-output>
  <suite started-at="2023-11-13T17:38:38 GMT-05:00" name="Default suite" finished-at="2023-11-13T17:38:38 GMT-05:00" duration-ms="79">
    <groups>
    </groups>
    <test started-at="2023-11-13T17:38:38 GMT-05:00" name="Default test" finished-at="2023-11-13T17:38:38 GMT-05:00" duration-ms="79">
      <class name="ui.NewTest">
        <test-method is-config="true" signature="beforeSuite()[pri:0, instance:ui.NewTest@117159c0]" started-at="2023-11-13T17:38:38 GMT-05:00" name="beforeSuite" finished-at="2023-11-13T17:38:38 GMT-05:00" duration-ms="12" status="PASS">
          <reporter-output>
          </reporter-output>
        </test-method> <!-- beforeSuite -->
        <test-method is-config="true" signature="beforeTest()[pri:0, instance:ui.NewTest@117159c0]" started-at="2023-11-13T17:38:38 GMT-05:00" name="beforeTest" finished-at="2023-11-13T17:38:38 GMT-05:00" duration-ms="1" status="PASS">
          <reporter-output>
          </reporter-output>
        </test-method> <!-- beforeTest -->
        <test-method is-config="true" signature="beforeClass()[pri:0, instance:ui.NewTest@117159c0]" started-at="2023-11-13T17:38:38 GMT-05:00" name="beforeClass" finished-at="2023-11-13T17:38:38 GMT-05:00" duration-ms="1" status="PASS">
          <reporter-output>
          </reporter-output>
        </test-method> <!-- beforeClass -->
        <test-method is-config="true" signature="beforeMethod()[pri:0, instance:ui.NewTest@117159c0]" started-at="2023-11-13T17:38:38 GMT-05:00" name="beforeMethod" finished-at="2023-11-13T17:38:38 GMT-05:00" duration-ms="0" status="PASS">
          <reporter-output>
          </reporter-output>
        </test-method> <!-- beforeMethod -->
        <test-method signature="f(java.lang.String,java.lang.String,java.lang.String)[pri:0, instance:ui.NewTest@117159c0]" started-at="2023-11-13T17:38:38 GMT-05:00" name="f" data-provider="dp" finished-at="2023-11-13T17:38:38 GMT-05:00" duration-ms="6" status="PASS">
          <params>
            <param index="0">
              <value>
                <![CDATA[Ned]]>
              </value>
            </param>
            <param index="1">
              <value>
                <![CDATA[Yellow]]>
              </value>
            </param>
            <param index="2">
              <value>
                <![CDATA[Rice]]>
              </value>
            </param>
          </params>
          <reporter-output>
          </reporter-output>
        </test-method> <!-- f -->
        <test-method is-config="true" signature="afterMethod()[pri:0, instance:ui.NewTest@117159c0]" started-at="2023-11-13T17:38:38 GMT-05:00" name="afterMethod" finished-at="2023-11-13T17:38:38 GMT-05:00" duration-ms="0" status="PASS">
          <reporter-output>
          </reporter-output>
        </test-method> <!-- afterMethod -->
        <test-method signature="f(java.lang.String,java.lang.String,java.lang.String)[pri:0, instance:ui.NewTest@117159c0]" started-at="2023-11-13T17:38:38 GMT-05:00" name="f" data-provider="dp" finished-at="2023-11-13T17:38:38 GMT-05:00" duration-ms="2" status="PASS">
          <params>
            <param index="0">
              <value>
                <![CDATA[Tomi]]>
              </value>
            </param>
            <param index="1">
              <value>
                <![CDATA[Black]]>
              </value>
            </param>
            <param index="2">
              <value>
                <![CDATA[Amala]]>
              </value>
            </param>
          </params>
          <reporter-output>
          </reporter-output>
        </test-method> <!-- f -->
        <test-method is-config="true" signature="beforeMethod()[pri:0, instance:ui.NewTest@117159c0]" started-at="2023-11-13T17:38:38 GMT-05:00" name="beforeMethod" finished-at="2023-11-13T17:38:38 GMT-05:00" duration-ms="0" status="PASS">
          <reporter-output>
          </reporter-output>
        </test-method> <!-- beforeMethod -->
        <test-method is-config="true" signature="afterMethod()[pri:0, instance:ui.NewTest@117159c0]" started-at="2023-11-13T17:38:38 GMT-05:00" name="afterMethod" finished-at="2023-11-13T17:38:38 GMT-05:00" duration-ms="1" status="PASS">
          <reporter-output>
          </reporter-output>
        </test-method> <!-- afterMethod -->
        <test-method is-config="true" signature="beforeMethod()[pri:0, instance:ui.NewTest@117159c0]" started-at="2023-11-13T17:38:38 GMT-05:00" name="beforeMethod" finished-at="2023-11-13T17:38:38 GMT-05:00" duration-ms="1" status="PASS">
          <reporter-output>
          </reporter-output>
        </test-method> <!-- beforeMethod -->
        <test-method signature="f(java.lang.String,java.lang.String,java.lang.String)[pri:0, instance:ui.NewTest@117159c0]" started-at="2023-11-13T17:38:38 GMT-05:00" name="f" data-provider="dp" finished-at="2023-11-13T17:38:38 GMT-05:00" duration-ms="1" status="PASS">
          <params>
            <param index="0">
              <value>
                <![CDATA[Chima]]>
              </value>
            </param>
            <param index="1">
              <value>
                <![CDATA[Red]]>
              </value>
            </param>
            <param index="2">
              <value>
                <![CDATA[Amala]]>
              </value>
            </param>
          </params>
          <reporter-output>
          </reporter-output>
        </test-method> <!-- f -->
        <test-method is-config="true" signature="afterMethod()[pri:0, instance:ui.NewTest@117159c0]" started-at="2023-11-13T17:38:38 GMT-05:00" name="afterMethod" finished-at="2023-11-13T17:38:38 GMT-05:00" duration-ms="1" status="PASS">
          <reporter-output>
          </reporter-output>
        </test-method> <!-- afterMethod -->
        <test-method is-config="true" signature="afterClass()[pri:0, instance:ui.NewTest@117159c0]" started-at="2023-11-13T17:38:38 GMT-05:00" name="afterClass" finished-at="2023-11-13T17:38:38 GMT-05:00" duration-ms="1" status="PASS">
          <reporter-output>
          </reporter-output>
        </test-method> <!-- afterClass -->
        <test-method is-config="true" signature="afterTest()[pri:0, instance:ui.NewTest@117159c0]" started-at="2023-11-13T17:38:38 GMT-05:00" name="afterTest" finished-at="2023-11-13T17:38:38 GMT-05:00" duration-ms="0" status="PASS">
          <reporter-output>
          </reporter-output>
        </test-method> <!-- afterTest -->
        <test-method is-config="true" signature="afterSuite()[pri:0, instance:ui.NewTest@117159c0]" started-at="2023-11-13T17:38:38 GMT-05:00" name="afterSuite" finished-at="2023-11-13T17:38:38 GMT-05:00" duration-ms="1" status="PASS">
          <reporter-output>
          </reporter-output>
        </test-method> <!-- afterSuite -->
      </class> <!-- ui.NewTest -->
    </test> <!-- Default test -->
  </suite> <!-- Default suite -->
</testng-results>
